<?xml version="1.0" encoding="UTF-8"?>
<testng-results ignored="0" total="1" passed="1" failed="0" skipped="0">
  <reporter-output>
  </reporter-output>
  <suite started-at="2023-08-13T19:29:13 IST" name="Suite" finished-at="2023-08-13T19:29:19 IST" duration-ms="6014">
    <groups>
    </groups>
    <test started-at="2023-08-13T19:29:13 IST" name="Test" finished-at="2023-08-13T19:29:19 IST" duration-ms="6014">
      <class name="test_class_package.rgister_test_class">
        <test-method is-config="true" signature="openbrowser(java.lang.String)[pri:0, instance:test_class_package.rgister_test_class@2609b277]" started-at="2023-08-13T19:29:13 IST" name="openbrowser" finished-at="2023-08-13T19:29:18 IST" duration-ms="5334" status="PASS">
          <params>
            <param index="0">
              <value>
                <![CDATA[chrome]]>
              </value>
            </param>
          </params>
          <reporter-output>
          </reporter-output>
        </test-method> <!-- openbrowser -->
        <test-method signature="rgister()[pri:0, instance:test_class_package.rgister_test_class@2609b277]" started-at="2023-08-13T19:29:18 IST" name="rgister" finished-at="2023-08-13T19:29:18 IST" duration-ms="335" status="PASS">
          <reporter-output>
          </reporter-output>
        </test-method> <!-- rgister -->
        <test-method is-config="true" signature="closebrowser()[pri:0, instance:test_class_package.rgister_test_class@2609b277]" started-at="2023-08-13T19:29:18 IST" name="closebrowser" finished-at="2023-08-13T19:29:19 IST" duration-ms="267" status="PASS">
          <reporter-output>
          </reporter-output>
        </test-method> <!-- closebrowser -->
      </class> <!-- test_class_package.rgister_test_class -->
    </test> <!-- Test -->
  </suite> <!-- Suite -->
</testng-results>
